<?xml version="1.0" encoding="UTF-8"?>
<!-- Generated by org.testng.reporters.JUnitReportReporter -->
<testsuite hostname="Yuvalp" name="com.codebind.AppTest" tests="1" failures="0" timestamp="2 Aug 2017 10:07:50 GMT" time="22.750" errors="0">
  <testcase name="test" time="22.750" classname="com.codebind.AppTest"/>
</testsuite>
